[20:45:56] [Thread-5/INFO]: Extra: [--tweakClass, org.spongepowered.mctester.api.MinecraftRunnerTweaker, --gameDir, /tmp/mctester/game]
[20:45:56] [Thread-5/INFO]: Running with arguments: [--userProperties, {}, --assetsDir, /home/raiponz/.gradle/caches/minecraft/assets, --assetIndex, 1.12, --accessToken{REDACTED}, --version, 1.12.2, --tweakClass, net.minecraftforge.fml.common.launcher.FMLTweaker, --tweakClass, org.spongepowered.mctester.api.MinecraftRunnerTweaker, --gameDir, /tmp/mctester/game, --tweakClass, net.minecraftforge.gradle.tweakers.CoremodTweaker]
[20:45:56] [Thread-5/INFO]: Loading tweak class name net.minecraftforge.fml.common.launcher.FMLTweaker
[20:45:56] [Thread-5/INFO]: Using primary tweak class name net.minecraftforge.fml.common.launcher.FMLTweaker
[20:45:56] [Thread-5/INFO]: Loading tweak class name org.spongepowered.mctester.api.MinecraftRunnerTweaker
[20:45:56] [Thread-5/INFO]: Loading tweak class name net.minecraftforge.gradle.tweakers.CoremodTweaker
[20:45:56] [Thread-5/INFO]: Calling tweak class net.minecraftforge.fml.common.launcher.FMLTweaker
[20:45:56] [Thread-5/INFO]: Forge Mod Loader version 14.23.4.2704 for Minecraft 1.12.2 loading
[20:45:56] [Thread-5/INFO]: Java is Java HotSpot(TM) 64-Bit Server VM, version 1.8.0_161, running on Linux:amd64:4.15.0-38-generic, installed at /usr/lib/jvm/jdk1.8.0_161/jre
[20:45:56] [Thread-5/ERROR]: Apache Maven library folder was not in the format expected. Using default libraries directory.
[20:45:56] [Thread-5/ERROR]: Full: /home/raiponz/.gradle/caches/modules-2/files-2.1/org.apache.maven/maven-artifact/3.5.3/7dc72b6d6d8a6dced3d294ed54c2cc3515ade9f4/maven-artifact-3.5.3.jar
[20:45:56] [Thread-5/ERROR]: Trimmed: /home/raiponz/.gradle/caches/modules-2/files-2.1/org.apache.maven/maven-artifact/3.5.3/
[20:45:56] [Thread-5/INFO]: Managed to load a deobfuscated Minecraft name- we are in a deobfuscated environment. Skipping runtime deobfuscation
[20:45:56] [Thread-5/INFO]: Ignoring missing certificate for coremod FMLCorePlugin (net.minecraftforge.fml.relauncher.FMLCorePlugin), we are in deobf and it's a forge core plugin
[20:45:56] [Thread-5/INFO]: Ignoring missing certificate for coremod FMLForgePlugin (net.minecraftforge.classloading.FMLForgePlugin), we are in deobf and it's a forge core plugin
[20:45:56] [Thread-5/INFO]: Searching /tmp/mctester/game/mods for mods
[20:45:56] [Thread-5/INFO]: Loading tweaker org.spongepowered.asm.launch.MixinTweaker from spongeforge-1.12.2-2768-7.1.5-RC3506-dev.jar
[20:45:56] [Thread-5/INFO]: Calling tweak class org.spongepowered.mctester.api.MinecraftRunnerTweaker
[20:45:56] [Thread-5/INFO]: [org.spongepowered.mctester.internal.RemoveSecurityManager:clearSecurityManager:24]: Found SecurityManager, clearing via Unsafe
[20:45:56] [Thread-5/INFO]: SpongePowered MIXIN Subsystem Version=0.7.11 Source=file:/home/raiponz/.gradle/caches/modules-2/files-2.1/org.spongepowered/mixin/0.7.11-SNAPSHOT/7a670207bdb97db418118ad1e9bb42424ff3776d/mixin-0.7.11-SNAPSHOT.jar Service=LaunchWrapper Env=CLIENT
[20:45:56] [Thread-5/DEBUG]: Instantiating coremod class SpongeCoremod
[20:45:56] [Thread-5/DEBUG]: The coremod org.spongepowered.mod.SpongeCoremod requested minecraft version 1.12.2 and minecraft is 1.12.2. It will be loaded.
[20:45:56] [Thread-5/WARN]: The coremod SpongeCoremod (org.spongepowered.mod.SpongeCoremod) is not signed!
[20:45:56] [Thread-5/INFO]: Compatibility level set to JAVA_8
[20:45:56] [Thread-5/INFO]: Adding new token provider org.spongepowered.mod.SpongeCoremod$TokenProvider to MixinEnvironment[DEFAULT]
[20:45:56] [Thread-5/INFO]: Adding new token provider org.spongepowered.mod.SpongeCoremod$TokenProvider to MixinEnvironment[PREINIT]
[20:45:56] [Thread-5/INFO]: Adding new token provider org.spongepowered.mod.SpongeCoremod$TokenProvider to MixinEnvironment[INIT]
[20:45:56] [Thread-5/DEBUG]: Added access transformer class org.spongepowered.mod.asm.transformer.SpongeAccessTransformer to enqueued access transformers
[20:45:56] [Thread-5/DEBUG]: Enqueued coremod SpongeCoremod
[20:45:56] [Thread-5/ERROR]: MixinBootstrap.doInit() called during a tweak constructor!
[20:45:56] [Thread-5/INFO]: Calling tweak class net.minecraftforge.gradle.tweakers.CoremodTweaker
[20:45:56] [Thread-5/INFO]: Injecting location in coremod net.minecraftforge.fml.relauncher.FMLCorePlugin
[20:45:56] [Thread-5/INFO]: Injecting location in coremod net.minecraftforge.classloading.FMLForgePlugin
[20:45:56] [Thread-5/INFO]: Injecting location in coremod org.spongepowered.mod.SpongeCoremod
[20:45:56] [Thread-5/INFO]: Loading tweak class name net.minecraftforge.fml.common.launcher.FMLInjectionAndSortingTweaker
[20:45:56] [Thread-5/INFO]: Loading tweak class name org.spongepowered.asm.launch.MixinTweaker
[20:45:56] [Thread-5/INFO]: Loading tweak class name net.minecraftforge.fml.common.launcher.FMLDeobfTweaker
[20:45:56] [Thread-5/INFO]: Loading tweak class name org.spongepowered.asm.mixin.EnvironmentStateTweaker
[20:45:56] [Thread-5/INFO]: Loading tweak class name net.minecraftforge.gradle.tweakers.AccessTransformerTweaker
[20:45:56] [Thread-5/INFO]: Calling tweak class net.minecraftforge.fml.common.launcher.FMLInjectionAndSortingTweaker
[20:45:56] [Thread-5/INFO]: Calling tweak class net.minecraftforge.fml.common.launcher.FMLInjectionAndSortingTweaker
[20:45:56] [Thread-5/INFO]: Calling tweak class net.minecraftforge.fml.relauncher.CoreModManager$FMLPluginWrapper
[20:45:56] [Thread-5/DEBUG]: Injecting coremod FMLCorePlugin \{net.minecraftforge.fml.relauncher.FMLCorePlugin\} class transformers
[20:45:56] [Thread-5/TRACE]: Registering transformer net.minecraftforge.fml.common.asm.transformers.BlamingTransformer
[20:45:56] [Thread-5/TRACE]: Registering transformer net.minecraftforge.fml.common.asm.transformers.SideTransformer
[20:45:56] [Thread-5/TRACE]: Registering transformer net.minecraftforge.fml.common.asm.transformers.EventSubscriptionTransformer
[20:45:56] [Thread-5/TRACE]: Registering transformer net.minecraftforge.fml.common.asm.transformers.EventSubscriberTransformer
[20:45:56] [Thread-5/TRACE]: Registering transformer net.minecraftforge.fml.common.asm.transformers.SoundEngineFixTransformer
[20:45:56] [Thread-5/DEBUG]: Injection complete
[20:45:56] [Thread-5/DEBUG]: Running coremod plugin for FMLCorePlugin \{net.minecraftforge.fml.relauncher.FMLCorePlugin\}
[20:45:56] [Thread-5/DEBUG]: Running coremod plugin FMLCorePlugin
[20:45:57] [Thread-5/ERROR]: FML appears to be missing any signature data. This is not a good thing
[20:45:57] [Thread-5/DEBUG]: Coremod plugin class FMLCorePlugin run successfully
[20:45:57] [Thread-5/INFO]: Calling tweak class net.minecraftforge.fml.relauncher.CoreModManager$FMLPluginWrapper
[20:45:57] [Thread-5/DEBUG]: Injecting coremod FMLForgePlugin \{net.minecraftforge.classloading.FMLForgePlugin\} class transformers
[20:45:57] [Thread-5/DEBUG]: Injection complete
[20:45:57] [Thread-5/DEBUG]: Running coremod plugin for FMLForgePlugin \{net.minecraftforge.classloading.FMLForgePlugin\}
[20:45:57] [Thread-5/DEBUG]: Running coremod plugin FMLForgePlugin
[20:45:57] [Thread-5/DEBUG]: Coremod plugin class FMLForgePlugin run successfully
[20:45:57] [Thread-5/INFO]: Calling tweak class net.minecraftforge.fml.relauncher.CoreModManager$FMLPluginWrapper
[20:45:57] [Thread-5/DEBUG]: Injecting coremod SpongeCoremod \{org.spongepowered.mod.SpongeCoremod\} class transformers
[20:45:57] [Thread-5/TRACE]: Registering transformer org.spongepowered.common.launch.transformer.SpongeSuperclassTransformer
[20:45:57] [Thread-5/DEBUG]: Injection complete
[20:45:57] [Thread-5/DEBUG]: Running coremod plugin for SpongeCoremod \{org.spongepowered.mod.SpongeCoremod\}
[20:45:57] [Thread-5/DEBUG]: Running coremod plugin SpongeCoremod
[20:45:57] [Thread-5/DEBUG]: Coremod plugin class SpongeCoremod run successfully
[20:45:57] [Thread-5/INFO]: Calling tweak class org.spongepowered.asm.launch.MixinTweaker
[20:45:57] [Thread-5/ERROR]: MixinBootstrap.doInit() called during a tweak constructor!
[20:45:57] [Thread-5/INFO]: Initialised Mixin FML Remapper Adapter with net.minecraftforge.fml.common.asm.transformers.deobf.FMLDeobfuscatingRemapper@2345d2a3
[20:45:57] [Thread-5/INFO]: Calling tweak class org.spongepowered.asm.mixin.EnvironmentStateTweaker
[20:45:57] [Thread-5/INFO]: Calling tweak class net.minecraftforge.fml.common.launcher.FMLDeobfTweaker
[20:45:57] [Thread-5/DEBUG]: Validating minecraft
[20:45:57] [Thread-5/INFO]: Calling tweak class net.minecraftforge.gradle.tweakers.AccessTransformerTweaker
[20:45:57] [Thread-5/INFO]: Remapping AccessTransformer rules...
[20:45:57] [Thread-5/INFO]: Loading tweak class name net.minecraftforge.fml.common.launcher.TerminalTweaker
[20:45:57] [Thread-5/WARN]: Tweak class name org.spongepowered.asm.mixin.EnvironmentStateTweaker has already been visited -- skipping
[20:45:57] [Thread-5/INFO]: Calling tweak class net.minecraftforge.fml.common.launcher.TerminalTweaker
[20:46:01] [Thread-5/INFO]: Launching wrapped minecraft {net.minecraft.client.main.Main}
[20:46:01] [Test worker/INFO]: [org.spongepowered.mctester.api.junit.MinecraftRunner:createTestClass:147]: Exception when creating RealJunitRunner!
[20:46:01] [Test worker/INFO]: [org.spongepowered.mctester.api.junit.MinecraftRunner:createTestClass:148]: java.lang.reflect.InvocationTargetException
[20:46:01] [Test worker/INFO]: [org.spongepowered.mctester.api.junit.MinecraftRunner:createTestClass:148]: 	at sun.reflect.NativeConstructorAccessorImpl.newInstance0(Native Method)
[20:46:01] [Test worker/INFO]: [org.spongepowered.mctester.api.junit.MinecraftRunner:createTestClass:148]: 	at sun.reflect.NativeConstructorAccessorImpl.newInstance(NativeConstructorAccessorImpl.java:62)
[20:46:01] [Test worker/INFO]: [org.spongepowered.mctester.api.junit.MinecraftRunner:createTestClass:148]: 	at sun.reflect.DelegatingConstructorAccessorImpl.newInstance(DelegatingConstructorAccessorImpl.java:45)
[20:46:01] [Test worker/INFO]: [org.spongepowered.mctester.api.junit.MinecraftRunner:createTestClass:148]: 	at java.lang.reflect.Constructor.newInstance(Constructor.java:423)
[20:46:01] [Test worker/INFO]: [org.spongepowered.mctester.api.junit.MinecraftRunner:createTestClass:148]: 	at org.spongepowered.mctester.api.junit.MinecraftRunner.createTestClass(MinecraftRunner.java:145)
[20:46:01] [Test worker/INFO]: [org.spongepowered.mctester.api.junit.MinecraftRunner:createTestClass:148]: 	at org.junit.runners.ParentRunner.<init>(ParentRunner.java:83)
[20:46:01] [Test worker/INFO]: [org.spongepowered.mctester.api.junit.MinecraftRunner:createTestClass:148]: 	at org.junit.runners.BlockJUnit4ClassRunner.<init>(BlockJUnit4ClassRunner.java:65)
[20:46:01] [Test worker/INFO]: [org.spongepowered.mctester.api.junit.MinecraftRunner:createTestClass:148]: 	at org.spongepowered.mctester.api.junit.MinecraftRunner.<init>(MinecraftRunner.java:83)
[20:46:01] [Test worker/INFO]: [org.spongepowered.mctester.api.junit.MinecraftRunner:createTestClass:148]: 	at sun.reflect.NativeConstructorAccessorImpl.newInstance0(Native Method)
[20:46:01] [Test worker/INFO]: [org.spongepowered.mctester.api.junit.MinecraftRunner:createTestClass:148]: 	at sun.reflect.NativeConstructorAccessorImpl.newInstance(NativeConstructorAccessorImpl.java:62)
[20:46:01] [Test worker/INFO]: [org.spongepowered.mctester.api.junit.MinecraftRunner:createTestClass:148]: 	at sun.reflect.DelegatingConstructorAccessorImpl.newInstance(DelegatingConstructorAccessorImpl.java:45)
[20:46:01] [Test worker/INFO]: [org.spongepowered.mctester.api.junit.MinecraftRunner:createTestClass:148]: 	at java.lang.reflect.Constructor.newInstance(Constructor.java:423)
[20:46:01] [Test worker/INFO]: [org.spongepowered.mctester.api.junit.MinecraftRunner:createTestClass:148]: 	at org.junit.internal.builders.AnnotatedBuilder.buildRunner(AnnotatedBuilder.java:104)
[20:46:01] [Test worker/INFO]: [org.spongepowered.mctester.api.junit.MinecraftRunner:createTestClass:148]: 	at org.junit.internal.builders.AnnotatedBuilder.runnerForClass(AnnotatedBuilder.java:86)
[20:46:01] [Test worker/INFO]: [org.spongepowered.mctester.api.junit.MinecraftRunner:createTestClass:148]: 	at org.junit.runners.model.RunnerBuilder.safeRunnerForClass(RunnerBuilder.java:59)
[20:46:01] [Test worker/INFO]: [org.spongepowered.mctester.api.junit.MinecraftRunner:createTestClass:148]: 	at org.junit.internal.builders.AllDefaultPossibilitiesBuilder.runnerForClass(AllDefaultPossibilitiesBuilder.java:26)
[20:46:01] [Test worker/INFO]: [org.spongepowered.mctester.api.junit.MinecraftRunner:createTestClass:148]: 	at org.junit.runners.model.RunnerBuilder.safeRunnerForClass(RunnerBuilder.java:59)
[20:46:01] [Test worker/INFO]: [org.spongepowered.mctester.api.junit.MinecraftRunner:createTestClass:148]: 	at org.junit.internal.requests.ClassRequest.getRunner(ClassRequest.java:33)
[20:46:01] [Test worker/INFO]: [org.spongepowered.mctester.api.junit.MinecraftRunner:createTestClass:148]: 	at org.gradle.api.internal.tasks.testing.junit.JUnitTestClassExecuter.runTestClass(JUnitTestClassExecuter.java:86)
[20:46:01] [Test worker/INFO]: [org.spongepowered.mctester.api.junit.MinecraftRunner:createTestClass:148]: 	at org.gradle.api.internal.tasks.testing.junit.JUnitTestClassExecuter.execute(JUnitTestClassExecuter.java:57)
[20:46:01] [Test worker/INFO]: [org.spongepowered.mctester.api.junit.MinecraftRunner:createTestClass:148]: 	at org.gradle.api.internal.tasks.testing.junit.JUnitTestClassProcessor.processTestClass(JUnitTestClassProcessor.java:66)
[20:46:01] [Test worker/INFO]: [org.spongepowered.mctester.api.junit.MinecraftRunner:createTestClass:148]: 	at org.gradle.api.internal.tasks.testing.SuiteTestClassProcessor.processTestClass(SuiteTestClassProcessor.java:51)
[20:46:01] [Test worker/INFO]: [org.spongepowered.mctester.api.junit.MinecraftRunner:createTestClass:148]: 	at sun.reflect.NativeMethodAccessorImpl.invoke0(Native Method)
[20:46:01] [Test worker/INFO]: [org.spongepowered.mctester.api.junit.MinecraftRunner:createTestClass:148]: 	at sun.reflect.NativeMethodAccessorImpl.invoke(NativeMethodAccessorImpl.java:62)
[20:46:01] [Test worker/INFO]: [org.spongepowered.mctester.api.junit.MinecraftRunner:createTestClass:148]: 	at sun.reflect.DelegatingMethodAccessorImpl.invoke(DelegatingMethodAccessorImpl.java:43)
[20:46:01] [Test worker/INFO]: [org.spongepowered.mctester.api.junit.MinecraftRunner:createTestClass:148]: 	at java.lang.reflect.Method.invoke(Method.java:498)
[20:46:01] [Test worker/INFO]: [org.spongepowered.mctester.api.junit.MinecraftRunner:createTestClass:148]: 	at org.gradle.internal.dispatch.ReflectionDispatch.dispatch(ReflectionDispatch.java:35)
[20:46:01] [Test worker/INFO]: [org.spongepowered.mctester.api.junit.MinecraftRunner:createTestClass:148]: 	at org.gradle.internal.dispatch.ReflectionDispatch.dispatch(ReflectionDispatch.java:24)
[20:46:01] [Test worker/INFO]: [org.spongepowered.mctester.api.junit.MinecraftRunner:createTestClass:148]: 	at org.gradle.internal.dispatch.ContextClassLoaderDispatch.dispatch(ContextClassLoaderDispatch.java:32)
[20:46:01] [Test worker/INFO]: [org.spongepowered.mctester.api.junit.MinecraftRunner:createTestClass:148]: 	at org.gradle.internal.dispatch.ProxyDispatchAdapter$DispatchingInvocationHandler.invoke(ProxyDispatchAdapter.java:93)
[20:46:01] [Test worker/INFO]: [org.spongepowered.mctester.api.junit.MinecraftRunner:createTestClass:148]: 	at com.sun.proxy.$Proxy2.processTestClass(Unknown Source)
[20:46:01] [Test worker/INFO]: [org.spongepowered.mctester.api.junit.MinecraftRunner:createTestClass:148]: 	at org.gradle.api.internal.tasks.testing.worker.TestWorker.processTestClass(TestWorker.java:109)
[20:46:01] [Test worker/INFO]: [org.spongepowered.mctester.api.junit.MinecraftRunner:createTestClass:148]: 	at sun.reflect.NativeMethodAccessorImpl.invoke0(Native Method)
[20:46:01] [Test worker/INFO]: [org.spongepowered.mctester.api.junit.MinecraftRunner:createTestClass:148]: 	at sun.reflect.NativeMethodAccessorImpl.invoke(NativeMethodAccessorImpl.java:62)
[20:46:01] [Test worker/INFO]: [org.spongepowered.mctester.api.junit.MinecraftRunner:createTestClass:148]: 	at sun.reflect.DelegatingMethodAccessorImpl.invoke(DelegatingMethodAccessorImpl.java:43)
[20:46:01] [Test worker/INFO]: [org.spongepowered.mctester.api.junit.MinecraftRunner:createTestClass:148]: 	at java.lang.reflect.Method.invoke(Method.java:498)
[20:46:01] [Test worker/INFO]: [org.spongepowered.mctester.api.junit.MinecraftRunner:createTestClass:148]: 	at org.gradle.internal.dispatch.ReflectionDispatch.dispatch(ReflectionDispatch.java:35)
[20:46:01] [Test worker/INFO]: [org.spongepowered.mctester.api.junit.MinecraftRunner:createTestClass:148]: 	at org.gradle.internal.dispatch.ReflectionDispatch.dispatch(ReflectionDispatch.java:24)
[20:46:01] [Test worker/INFO]: [org.spongepowered.mctester.api.junit.MinecraftRunner:createTestClass:148]: 	at org.gradle.internal.remote.internal.hub.MessageHubBackedObjectConnection$DispatchWrapper.dispatch(MessageHubBackedObjectConnection.java:147)
[20:46:01] [Test worker/INFO]: [org.spongepowered.mctester.api.junit.MinecraftRunner:createTestClass:148]: 	at org.gradle.internal.remote.internal.hub.MessageHubBackedObjectConnection$DispatchWrapper.dispatch(MessageHubBackedObjectConnection.java:129)
[20:46:01] [Test worker/INFO]: [org.spongepowered.mctester.api.junit.MinecraftRunner:createTestClass:148]: 	at org.gradle.internal.remote.internal.hub.MessageHub$Handler.run(MessageHub.java:404)
[20:46:01] [Test worker/INFO]: [org.spongepowered.mctester.api.junit.MinecraftRunner:createTestClass:148]: 	at org.gradle.internal.concurrent.ExecutorPolicy$CatchAndRecordFailures.onExecute(ExecutorPolicy.java:63)
[20:46:01] [Test worker/INFO]: [org.spongepowered.mctester.api.junit.MinecraftRunner:createTestClass:148]: 	at org.gradle.internal.concurrent.StoppableExecutorImpl$1.run(StoppableExecutorImpl.java:46)
[20:46:01] [Test worker/INFO]: [org.spongepowered.mctester.api.junit.MinecraftRunner:createTestClass:148]: 	at java.util.concurrent.ThreadPoolExecutor.runWorker(ThreadPoolExecutor.java:1149)
[20:46:01] [Test worker/INFO]: [org.spongepowered.mctester.api.junit.MinecraftRunner:createTestClass:148]: 	at java.util.concurrent.ThreadPoolExecutor$Worker.run(ThreadPoolExecutor.java:624)
[20:46:01] [Test worker/INFO]: [org.spongepowered.mctester.api.junit.MinecraftRunner:createTestClass:148]: 	at java.lang.Thread.run(Thread.java:748)
[20:46:01] [Test worker/INFO]: [java.lang.Throwable:printStackTrace:634]: Caused by: org.junit.runners.model.InitializationError
[20:46:01] [Test worker/INFO]: [java.lang.Throwable:printStackTrace:634]: 	at org.junit.runners.ParentRunner.validate(ParentRunner.java:418)
[20:46:01] [Test worker/INFO]: [java.lang.Throwable:printStackTrace:634]: 	at org.junit.runners.ParentRunner.<init>(ParentRunner.java:84)
[20:46:01] [Test worker/INFO]: [java.lang.Throwable:printStackTrace:634]: 	at org.junit.runners.BlockJUnit4ClassRunner.<init>(BlockJUnit4ClassRunner.java:65)
[20:46:01] [Test worker/INFO]: [java.lang.Throwable:printStackTrace:634]: 	at org.spongepowered.mctester.internal.RealJUnitRunner.<init>(RealJUnitRunner.java:64)
[20:46:01] [Test worker/INFO]: [java.lang.Throwable:printStackTrace:634]: 	... 46 more
